#
# There is insufficient memory for the Java Runtime Environment to continue.
# Native memory allocation (malloc) failed to allocate 65552 bytes for Chunk::new
# Possible reasons:
#   The system is out of physical RAM or swap space
#   The process is running with CompressedOops enabled, and the Java Heap may be blocking the growth of the native heap
# Possible solutions:
#   Reduce memory load on the system
#   Increase physical memory or swap space
#   Check if swap backing store is full
#   Decrease Java heap size (-Xmx/-Xms)
#   Decrease number of Java threads
#   Decrease Java thread stack sizes (-Xss)
#   Set larger code cache with -XX:ReservedCodeCacheSize=
#   JVM is running with Unscaled Compressed Oops mode in which the Java heap is
#     placed in the first 4GB address space. The Java Heap base address is the
#     maximum limit for the native heap growth. Please use -XX:HeapBaseMinAddress
#     to set the Java Heap base and to place the Java Heap above 4GB virtual address.
# This output file may be truncated or incomplete.
#
#  Out of Memory Error (arena.cpp:197), pid=7072, tid=10692
#
# JRE version: OpenJDK Runtime Environment Corretto-11.0.19.7.1 (11.0.19+7) (build 11.0.19+7-LTS)
# Java VM: OpenJDK 64-Bit Server VM Corretto-11.0.19.7.1 (11.0.19+7-LTS, mixed mode, tiered, compressed oops, g1 gc, windows-amd64)
# No core dump will be written. Minidumps are not enabled by default on client versions of Windows
#

---------------  S U M M A R Y ------------

Command Line: -Dorg.gradle.internal.worker.tmpdir=C:\Users\Gregory\IdeaProjects\KotlinHW4AutoTets\build\tmp\test\work -Dorg.gradle.native=false -javaagent:build/tmp/expandedArchives/org.jacoco.agent-0.8.7.jar_3a83c50b4a016f281c4e9f3500d16b55/jacocoagent.jar=destfile=build/jacoco/test.exec,append=true,inclnolocationclasses=false,dumponexit=true,output=file,jmx=false --add-opens=java.base/java.util=ALL-UNNAMED --add-opens=java.base/java.lang=ALL-UNNAMED -Xmx512m -Dfile.encoding=windows-1251 -Duser.country=RU -Duser.language=ru -Duser.variant -ea worker.org.gradle.process.internal.worker.GradleWorkerMain 'Gradle Test Executor 17'

Host: Intel(R) Core(TM) i5-3210M CPU @ 2.50GHz, 4 cores, 5G,  Windows 10 , 64 bit Build 19041 (10.0.19041.2913)
Time: Mon Jun  5 14:59:26 2023  Windows 10 , 64 bit Build 19041 (10.0.19041.2913) elapsed time: 2.406867 seconds (0d 0h 0m 2s)

---------------  T H R E A D  ---------------

Current thread (0x000001ba6f6bb800):  JavaThread "C2 CompilerThread1" daemon [_thread_in_native, id=10692, stack(0x0000003b31c00000,0x0000003b31d00000)]


Current CompileTask:
C2:   2406 1601       4       org.jacoco.agent.rt.internal_3570298.asm.ClassReader::readCode (5109 bytes)

Stack: [0x0000003b31c00000,0x0000003b31d00000]
Native frames: (J=compiled Java code, j=interpreted, Vv=VM code, C=native code)
V  [jvm.dll+0x6235aa]
V  [jvm.dll+0x7b0f89]
V  [jvm.dll+0x7b2678]
V  [jvm.dll+0x7b2d53]
V  [jvm.dll+0x24fe38]
V  [jvm.dll+0xc264c]
V  [jvm.dll+0xc2c0c]
V  [jvm.dll+0xc275b]
V  [jvm.dll+0x600eaf]
V  [jvm.dll+0x533132]
V  [jvm.dll+0x5324e0]
V  [jvm.dll+0x21136b]
V  [jvm.dll+0x20b0d4]
V  [jvm.dll+0x2082eb]
V  [jvm.dll+0x18a3c1]
V  [jvm.dll+0x217ab4]
V  [jvm.dll+0x215cfb]
V  [jvm.dll+0x773a90]
V  [jvm.dll+0x76c9c4]
V  [jvm.dll+0x622415]
C  [ucrtbase.dll+0x21bb2]
C  [KERNEL32.DLL+0x17614]
C  [ntdll.dll+0x526a1]


---------------  P R O C E S S  ---------------

Threads class SMR info:
_java_thread_list=0x000001ba70912a80, length=12, elements={
0x000001ba53c7c800, 0x000001ba6ebb4800, 0x000001ba6ebbe000, 0x000001ba6ec13000,
0x000001ba6ec14800, 0x000001ba6ec17000, 0x000001ba6ec1a800, 0x000001ba6ec21800,
0x000001ba6ec23000, 0x000001ba6f639000, 0x000001ba6f6bb800, 0x000001ba72be0800
}

Java Threads: ( => current thread )
  0x000001ba53c7c800 JavaThread "Test worker" [_thread_blocked, id=10468, stack(0x0000003b30c00000,0x0000003b30d00000)]
  0x000001ba6ebb4800 JavaThread "Reference Handler" daemon [_thread_blocked, id=7540, stack(0x0000003b31300000,0x0000003b31400000)]
  0x000001ba6ebbe000 JavaThread "Finalizer" daemon [_thread_blocked, id=5380, stack(0x0000003b31400000,0x0000003b31500000)]
  0x000001ba6ec13000 JavaThread "Signal Dispatcher" daemon [_thread_blocked, id=11124, stack(0x0000003b31500000,0x0000003b31600000)]
  0x000001ba6ec14800 JavaThread "Attach Listener" daemon [_thread_blocked, id=11660, stack(0x0000003b31600000,0x0000003b31700000)]
  0x000001ba6ec17000 JavaThread "Service Thread" daemon [_thread_blocked, id=14212, stack(0x0000003b31700000,0x0000003b31800000)]
  0x000001ba6ec1a800 JavaThread "C2 CompilerThread0" daemon [_thread_in_native, id=1164, stack(0x0000003b31800000,0x0000003b31900000)]
  0x000001ba6ec21800 JavaThread "C1 CompilerThread0" daemon [_thread_blocked, id=4276, stack(0x0000003b31900000,0x0000003b31a00000)]
  0x000001ba6ec23000 JavaThread "Sweeper thread" daemon [_thread_blocked, id=2320, stack(0x0000003b31a00000,0x0000003b31b00000)]
  0x000001ba6f639000 JavaThread "Common-Cleaner" daemon [_thread_blocked, id=6440, stack(0x0000003b31b00000,0x0000003b31c00000)]
=>0x000001ba6f6bb800 JavaThread "C2 CompilerThread1" daemon [_thread_in_native, id=10692, stack(0x0000003b31c00000,0x0000003b31d00000)]
  0x000001ba72be0800 JavaThread "Thread-0" [_thread_in_vm, id=4924, stack(0x0000003b32100000,0x0000003b32200000)]

Other Threads:
  0x000001ba6eb8e000 VMThread "VM Thread" [stack: 0x0000003b31200000,0x0000003b31300000] [id=8304]
  0x000001ba6f855000 WatcherThread [stack: 0x0000003b31d00000,0x0000003b31e00000] [id=9612]
  0x000001ba53c95000 GCTaskThread "GC Thread#0" [stack: 0x0000003b30d00000,0x0000003b30e00000] [id=8428]
  0x000001ba6fbcb800 GCTaskThread "GC Thread#1" [stack: 0x0000003b31e00000,0x0000003b31f00000] [id=10216]
  0x000001ba53ca7000 ConcurrentGCThread "G1 Main Marker" [stack: 0x0000003b30e00000,0x0000003b30f00000] [id=11548]
  0x000001ba53ca8800 ConcurrentGCThread "G1 Conc#0" [stack: 0x0000003b30f00000,0x0000003b31000000] [id=6520]
  0x000001ba53d18000 ConcurrentGCThread "G1 Refine#0" [stack: 0x0000003b31000000,0x0000003b31100000] [id=9064]
  0x000001ba53d19000 ConcurrentGCThread "G1 Young RemSet Sampling" [stack: 0x0000003b31100000,0x0000003b31200000] [id=5504]

Threads with active compile tasks:
C2 CompilerThread0     2437 1656       4       org.jacoco.agent.rt.internal_3570298.asm.commons.AnalyzerAdapter::execute (2009 bytes)
C1 CompilerThread0     2437 1693       2       java.util.jar.JarFile::maybeInstantiateVerifier (112 bytes)
C2 CompilerThread1     2437 1601       4       org.jacoco.agent.rt.internal_3570298.asm.ClassReader::readCode (5109 bytes)

VM state:not at safepoint (normal execution)

VM Mutex/Monitor currently owned by a thread: None

Heap address: 0x00000000e0000000, size: 512 MB, Compressed Oops mode: 32-bit
Narrow klass base: 0x0000000000000000, Narrow klass shift: 3
Compressed class space size: 1073741824 Address: 0x0000000100000000

Heap:
 garbage-first heap   total 98304K, used 54566K [0x00000000e0000000, 0x0000000100000000)
  region size 1024K, 54 young (55296K), 2 survivors (2048K)
 Metaspace       used 15824K, capacity 16169K, committed 16384K, reserved 1064960K
  class space    used 1570K, capacity 1674K, committed 1792K, reserved 1048576K
Heap Regions: E=young(eden), S=young(survivor), O=old, HS=humongous(starts), HC=humongous(continues), CS=collection set, F=free, A=archive, TAMS=top-at-mark-start (previous, next)
|   0|0x00000000e0000000, 0x00000000e0049800, 0x00000000e0100000| 28%| O|  |TAMS 0x00000000e0000000, 0x00000000e0000000| Untracked 
|   1|0x00000000e0100000, 0x00000000e0100000, 0x00000000e0200000|  0%| F|  |TAMS 0x00000000e0100000, 0x00000000e0100000| Untracked 
|   2|0x00000000e0200000, 0x00000000e0200000, 0x00000000e0300000|  0%| F|  |TAMS 0x00000000e0200000, 0x00000000e0200000| Untracked 
|   3|0x00000000e0300000, 0x00000000e0300000, 0x00000000e0400000|  0%| F|  |TAMS 0x00000000e0300000, 0x00000000e0300000| Untracked 
|   4|0x00000000e0400000, 0x00000000e0400000, 0x00000000e0500000|  0%| F|  |TAMS 0x00000000e0400000, 0x00000000e0400000| Untracked 
|   5|0x00000000e0500000, 0x00000000e0500000, 0x00000000e0600000|  0%| F|  |TAMS 0x00000000e0500000, 0x00000000e0500000| Untracked 
|   6|0x00000000e0600000, 0x00000000e0600000, 0x00000000e0700000|  0%| F|  |TAMS 0x00000000e0600000, 0x00000000e0600000| Untracked 
|   7|0x00000000e0700000, 0x00000000e0700000, 0x00000000e0800000|  0%| F|  |TAMS 0x00000000e0700000, 0x00000000e0700000| Untracked 
|   8|0x00000000e0800000, 0x00000000e0800000, 0x00000000e0900000|  0%| F|  |TAMS 0x00000000e0800000, 0x00000000e0800000| Untracked 
|   9|0x00000000e0900000, 0x00000000e0900000, 0x00000000e0a00000|  0%| F|  |TAMS 0x00000000e0900000, 0x00000000e0900000| Untracked 
|  10|0x00000000e0a00000, 0x00000000e0a00000, 0x00000000e0b00000|  0%| F|  |TAMS 0x00000000e0a00000, 0x00000000e0a00000| Untracked 
|  11|0x00000000e0b00000, 0x00000000e0b00000, 0x00000000e0c00000|  0%| F|  |TAMS 0x00000000e0b00000, 0x00000000e0b00000| Untracked 
|  12|0x00000000e0c00000, 0x00000000e0c00000, 0x00000000e0d00000|  0%| F|  |TAMS 0x00000000e0c00000, 0x00000000e0c00000| Untracked 
|  13|0x00000000e0d00000, 0x00000000e0d00000, 0x00000000e0e00000|  0%| F|  |TAMS 0x00000000e0d00000, 0x00000000e0d00000| Untracked 
|  14|0x00000000e0e00000, 0x00000000e0e00000, 0x00000000e0f00000|  0%| F|  |TAMS 0x00000000e0e00000, 0x00000000e0e00000| Untracked 
|  15|0x00000000e0f00000, 0x00000000e0f00000, 0x00000000e1000000|  0%| F|  |TAMS 0x00000000e0f00000, 0x00000000e0f00000| Untracked 
|  16|0x00000000e1000000, 0x00000000e1000000, 0x00000000e1100000|  0%| F|  |TAMS 0x00000000e1000000, 0x00000000e1000000| Untracked 
|  17|0x00000000e1100000, 0x00000000e1100000, 0x00000000e1200000|  0%| F|  |TAMS 0x00000000e1100000, 0x00000000e1100000| Untracked 
|  18|0x00000000e1200000, 0x00000000e1200000, 0x00000000e1300000|  0%| F|  |TAMS 0x00000000e1200000, 0x00000000e1200000| Untracked 
|  19|0x00000000e1300000, 0x00000000e1300000, 0x00000000e1400000|  0%| F|  |TAMS 0x00000000e1300000, 0x00000000e1300000| Untracked 
|  20|0x00000000e1400000, 0x00000000e1400000, 0x00000000e1500000|  0%| F|  |TAMS 0x00000000e1400000, 0x00000000e1400000| Untracked 
|  21|0x00000000e1500000, 0x00000000e1500000, 0x00000000e1600000|  0%| F|  |TAMS 0x00000000e1500000, 0x00000000e1500000| Untracked 
|  22|0x00000000e1600000, 0x00000000e1600000, 0x00000000e1700000|  0%| F|  |TAMS 0x00000000e1600000, 0x00000000e1600000| Untracked 
|  23|0x00000000e1700000, 0x00000000e1700000, 0x00000000e1800000|  0%| F|  |TAMS 0x00000000e1700000, 0x00000000e1700000| Untracked 
|  24|0x00000000e1800000, 0x00000000e1800000, 0x00000000e1900000|  0%| F|  |TAMS 0x00000000e1800000, 0x00000000e1800000| Untracked 
|  25|0x00000000e1900000, 0x00000000e1900000, 0x00000000e1a00000|  0%| F|  |TAMS 0x00000000e1900000, 0x00000000e1900000| Untracked 
|  26|0x00000000e1a00000, 0x00000000e1a00000, 0x00000000e1b00000|  0%| F|  |TAMS 0x00000000e1a00000, 0x00000000e1a00000| Untracked 
|  27|0x00000000e1b00000, 0x00000000e1b00000, 0x00000000e1c00000|  0%| F|  |TAMS 0x00000000e1b00000, 0x00000000e1b00000| Untracked 
|  28|0x00000000e1c00000, 0x00000000e1c00000, 0x00000000e1d00000|  0%| F|  |TAMS 0x00000000e1c00000, 0x00000000e1c00000| Untracked 
|  29|0x00000000e1d00000, 0x00000000e1d00000, 0x00000000e1e00000|  0%| F|  |TAMS 0x00000000e1d00000, 0x00000000e1d00000| Untracked 
|  30|0x00000000e1e00000, 0x00000000e1e00000, 0x00000000e1f00000|  0%| F|  |TAMS 0x00000000e1e00000, 0x00000000e1e00000| Untracked 
|  31|0x00000000e1f00000, 0x00000000e1f00000, 0x00000000e2000000|  0%| F|  |TAMS 0x00000000e1f00000, 0x00000000e1f00000| Untracked 
|  32|0x00000000e2000000, 0x00000000e2000000, 0x00000000e2100000|  0%| F|  |TAMS 0x00000000e2000000, 0x00000000e2000000| Untracked 
|  33|0x00000000e2100000, 0x00000000e2100000, 0x00000000e2200000|  0%| F|  |TAMS 0x00000000e2100000, 0x00000000e2100000| Untracked 
|  34|0x00000000e2200000, 0x00000000e2200000, 0x00000000e2300000|  0%| F|  |TAMS 0x00000000e2200000, 0x00000000e2200000| Untracked 
|  35|0x00000000e2300000, 0x00000000e2300000, 0x00000000e2400000|  0%| F|  |TAMS 0x00000000e2300000, 0x00000000e2300000| Untracked 
|  36|0x00000000e2400000, 0x00000000e2400000, 0x00000000e2500000|  0%| F|  |TAMS 0x00000000e2400000, 0x00000000e2400000| Untracked 
|  37|0x00000000e2500000, 0x00000000e2500000, 0x00000000e2600000|  0%| F|  |TAMS 0x00000000e2500000, 0x00000000e2500000| Untracked 
|  38|0x00000000e2600000, 0x00000000e2600000, 0x00000000e2700000|  0%| F|  |TAMS 0x00000000e2600000, 0x00000000e2600000| Untracked 
|  39|0x00000000e2700000, 0x00000000e2700000, 0x00000000e2800000|  0%| F|  |TAMS 0x00000000e2700000, 0x00000000e2700000| Untracked 
|  40|0x00000000e2800000, 0x00000000e2800000, 0x00000000e2900000|  0%| F|  |TAMS 0x00000000e2800000, 0x00000000e2800000| Untracked 
|  41|0x00000000e2900000, 0x00000000e2900000, 0x00000000e2a00000|  0%| F|  |TAMS 0x00000000e2900000, 0x00000000e2900000| Untracked 
|  42|0x00000000e2a00000, 0x00000000e2a80800, 0x00000000e2b00000| 50%| E|  |TAMS 0x00000000e2a00000, 0x00000000e2a00000| Complete 
|  43|0x00000000e2b00000, 0x00000000e2c00000, 0x00000000e2c00000|100%| E|CS|TAMS 0x00000000e2b00000, 0x00000000e2b00000| Complete 
|  44|0x00000000e2c00000, 0x00000000e2d00000, 0x00000000e2d00000|100%| E|CS|TAMS 0x00000000e2c00000, 0x00000000e2c00000| Complete 
|  45|0x00000000e2d00000, 0x00000000e2e00000, 0x00000000e2e00000|100%| E|CS|TAMS 0x00000000e2d00000, 0x00000000e2d00000| Complete 
|  46|0x00000000e2e00000, 0x00000000e2f00000, 0x00000000e2f00000|100%| E|CS|TAMS 0x00000000e2e00000, 0x00000000e2e00000| Complete 
|  47|0x00000000e2f00000, 0x00000000e3000000, 0x00000000e3000000|100%| E|CS|TAMS 0x00000000e2f00000, 0x00000000e2f00000| Complete 
|  48|0x00000000e3000000, 0x00000000e3100000, 0x00000000e3100000|100%| E|CS|TAMS 0x00000000e3000000, 0x00000000e3000000| Complete 
|  49|0x00000000e3100000, 0x00000000e3200000, 0x00000000e3200000|100%| E|CS|TAMS 0x00000000e3100000, 0x00000000e3100000| Complete 
|  50|0x00000000e3200000, 0x00000000e3300000, 0x00000000e3300000|100%| E|CS|TAMS 0x00000000e3200000, 0x00000000e3200000| Complete 
|  51|0x00000000e3300000, 0x00000000e3400000, 0x00000000e3400000|100%| E|CS|TAMS 0x00000000e3300000, 0x00000000e3300000| Complete 
|  52|0x00000000e3400000, 0x00000000e3500000, 0x00000000e3500000|100%| E|CS|TAMS 0x00000000e3400000, 0x00000000e3400000| Complete 
|  53|0x00000000e3500000, 0x00000000e3600000, 0x00000000e3600000|100%| E|CS|TAMS 0x00000000e3500000, 0x00000000e3500000| Complete 
|  54|0x00000000e3600000, 0x00000000e3700000, 0x00000000e3700000|100%| E|CS|TAMS 0x00000000e3600000, 0x00000000e3600000| Complete 
|  55|0x00000000e3700000, 0x00000000e3800000, 0x00000000e3800000|100%| E|CS|TAMS 0x00000000e3700000, 0x00000000e3700000| Complete 
|  56|0x00000000e3800000, 0x00000000e3900000, 0x00000000e3900000|100%| E|CS|TAMS 0x00000000e3800000, 0x00000000e3800000| Complete 
|  57|0x00000000e3900000, 0x00000000e3a00000, 0x00000000e3a00000|100%| E|CS|TAMS 0x00000000e3900000, 0x00000000e3900000| Complete 
|  58|0x00000000e3a00000, 0x00000000e3b00000, 0x00000000e3b00000|100%| E|CS|TAMS 0x00000000e3a00000, 0x00000000e3a00000| Complete 
|  59|0x00000000e3b00000, 0x00000000e3c00000, 0x00000000e3c00000|100%| E|CS|TAMS 0x00000000e3b00000, 0x00000000e3b00000| Complete 
|  60|0x00000000e3c00000, 0x00000000e3d00000, 0x00000000e3d00000|100%| E|CS|TAMS 0x00000000e3c00000, 0x00000000e3c00000| Complete 
|  61|0x00000000e3d00000, 0x00000000e3e00000, 0x00000000e3e00000|100%| E|CS|TAMS 0x00000000e3d00000, 0x00000000e3d00000| Complete 
|  62|0x00000000e3e00000, 0x00000000e3f00000, 0x00000000e3f00000|100%| E|CS|TAMS 0x00000000e3e00000, 0x00000000e3e00000| Complete 
|  63|0x00000000e3f00000, 0x00000000e4000000, 0x00000000e4000000|100%| E|CS|TAMS 0x00000000e3f00000, 0x00000000e3f00000| Complete 
|  64|0x00000000e4000000, 0x00000000e4100000, 0x00000000e4100000|100%| E|CS|TAMS 0x00000000e4000000, 0x00000000e4000000| Complete 
|  65|0x00000000e4100000, 0x00000000e4200000, 0x00000000e4200000|100%| E|CS|TAMS 0x00000000e4100000, 0x00000000e4100000| Complete 
|  66|0x00000000e4200000, 0x00000000e4300000, 0x00000000e4300000|100%| E|CS|TAMS 0x00000000e4200000, 0x00000000e4200000| Complete 
|  67|0x00000000e4300000, 0x00000000e4400000, 0x00000000e4400000|100%| E|CS|TAMS 0x00000000e4300000, 0x00000000e4300000| Complete 
|  68|0x00000000e4400000, 0x00000000e4500000, 0x00000000e4500000|100%| E|CS|TAMS 0x00000000e4400000, 0x00000000e4400000| Complete 
|  69|0x00000000e4500000, 0x00000000e4600000, 0x00000000e4600000|100%| E|CS|TAMS 0x00000000e4500000, 0x00000000e4500000| Complete 
|  70|0x00000000e4600000, 0x00000000e4700000, 0x00000000e4700000|100%| E|CS|TAMS 0x00000000e4600000, 0x00000000e4600000| Complete 
|  71|0x00000000e4700000, 0x00000000e4800000, 0x00000000e4800000|100%| E|CS|TAMS 0x00000000e4700000, 0x00000000e4700000| Complete 
|  72|0x00000000e4800000, 0x00000000e4900000, 0x00000000e4900000|100%| E|CS|TAMS 0x00000000e4800000, 0x00000000e4800000| Complete 
|  73|0x00000000e4900000, 0x00000000e4a00000, 0x00000000e4a00000|100%| E|CS|TAMS 0x00000000e4900000, 0x00000000e4900000| Complete 
|  74|0x00000000e4a00000, 0x00000000e4b00000, 0x00000000e4b00000|100%| E|CS|TAMS 0x00000000e4a00000, 0x00000000e4a00000| Complete 
|  75|0x00000000e4b00000, 0x00000000e4c00000, 0x00000000e4c00000|100%| E|CS|TAMS 0x00000000e4b00000, 0x00000000e4b00000| Complete 
|  76|0x00000000e4c00000, 0x00000000e4d00000, 0x00000000e4d00000|100%| E|CS|TAMS 0x00000000e4c00000, 0x00000000e4c00000| Complete 
|  77|0x00000000e4d00000, 0x00000000e4e00000, 0x00000000e4e00000|100%| E|CS|TAMS 0x00000000e4d00000, 0x00000000e4d00000| Complete 
|  78|0x00000000e4e00000, 0x00000000e4f00000, 0x00000000e4f00000|100%| E|CS|TAMS 0x00000000e4e00000, 0x00000000e4e00000| Complete 
|  79|0x00000000e4f00000, 0x00000000e5000000, 0x00000000e5000000|100%| E|CS|TAMS 0x00000000e4f00000, 0x00000000e4f00000| Complete 
|  80|0x00000000e5000000, 0x00000000e5100000, 0x00000000e5100000|100%| S|CS|TAMS 0x00000000e5000000, 0x00000000e5000000| Complete 
|  81|0x00000000e5100000, 0x00000000e5200000, 0x00000000e5200000|100%| S|CS|TAMS 0x00000000e5100000, 0x00000000e5100000| Complete 
|  82|0x00000000e5200000, 0x00000000e5300000, 0x00000000e5300000|100%| E|CS|TAMS 0x00000000e5200000, 0x00000000e5200000| Complete 
|  83|0x00000000e5300000, 0x00000000e5400000, 0x00000000e5400000|100%| E|CS|TAMS 0x00000000e5300000, 0x00000000e5300000| Complete 
|  84|0x00000000e5400000, 0x00000000e5500000, 0x00000000e5500000|100%| E|CS|TAMS 0x00000000e5400000, 0x00000000e5400000| Complete 
|  85|0x00000000e5500000, 0x00000000e5600000, 0x00000000e5600000|100%| E|CS|TAMS 0x00000000e5500000, 0x00000000e5500000| Complete 
|  86|0x00000000e5600000, 0x00000000e5700000, 0x00000000e5700000|100%| E|CS|TAMS 0x00000000e5600000, 0x00000000e5600000| Complete 
|  87|0x00000000e5700000, 0x00000000e5800000, 0x00000000e5800000|100%| E|CS|TAMS 0x00000000e5700000, 0x00000000e5700000| Complete 
|  88|0x00000000e5800000, 0x00000000e5900000, 0x00000000e5900000|100%| E|CS|TAMS 0x00000000e5800000, 0x00000000e5800000| Complete 
|  89|0x00000000e5900000, 0x00000000e5a00000, 0x00000000e5a00000|100%| E|CS|TAMS 0x00000000e5900000, 0x00000000e5900000| Complete 
|  90|0x00000000e5a00000, 0x00000000e5b00000, 0x00000000e5b00000|100%| E|CS|TAMS 0x00000000e5a00000, 0x00000000e5a00000| Complete 
|  91|0x00000000e5b00000, 0x00000000e5c00000, 0x00000000e5c00000|100%| E|CS|TAMS 0x00000000e5b00000, 0x00000000e5b00000| Complete 
|  92|0x00000000e5c00000, 0x00000000e5d00000, 0x00000000e5d00000|100%| E|CS|TAMS 0x00000000e5c00000, 0x00000000e5c00000| Complete 
|  93|0x00000000e5d00000, 0x00000000e5e00000, 0x00000000e5e00000|100%| E|CS|TAMS 0x00000000e5d00000, 0x00000000e5d00000| Complete 
|  94|0x00000000e5e00000, 0x00000000e5f00000, 0x00000000e5f00000|100%| E|CS|TAMS 0x00000000e5e00000, 0x00000000e5e00000| Complete 
|  95|0x00000000e5f00000, 0x00000000e6000000, 0x00000000e6000000|100%| E|CS|TAMS 0x00000000e5f00000, 0x00000000e5f00000| Complete 

Card table byte_map: [0x000001ba6b400000,0x000001ba6b500000] _byte_map_base: 0x000001ba6ad00000

Marking Bits (Prev, Next): (CMBitMap*) 0x000001ba53ca4358, (CMBitMap*) 0x000001ba53ca4390
 Prev Bits: [0x000001ba6b600000, 0x000001ba6be00000)
 Next Bits: [0x000001ba6be00000, 0x000001ba6c600000)

Polling page: 0x000001ba51b50000

Metaspace:

Usage:
  Non-class:     14.16 MB capacity,    13.93 MB ( 98%) used,   212.71 KB (  1%) free+waste,    22.81 KB ( <1%) overhead. 
      Class:      1.63 MB capacity,     1.53 MB ( 94%) used,    92.22 KB (  6%) free+waste,    10.13 KB ( <1%) overhead. 
       Both:     15.79 MB capacity,    15.46 MB ( 98%) used,   304.93 KB (  2%) free+waste,    32.94 KB ( <1%) overhead. 

Virtual space:
  Non-class space:       16.00 MB reserved,      14.25 MB ( 89%) committed 
      Class space:        1.00 GB reserved,       1.75 MB ( <1%) committed 
             Both:        1.02 GB reserved,      16.00 MB (  2%) committed 

Chunk freelists:
   Non-Class:  33.00 KB
       Class:  22.00 KB
        Both:  55.00 KB

MaxMetaspaceSize: 17179869184.00 GB
CompressedClassSpaceSize: 1.00 GB
Initial GC threshold: 20.80 MB
Current GC threshold: 20.80 MB
CDS: off

CodeHeap 'non-profiled nmethods': size=120064Kb used=692Kb max_used=692Kb free=119371Kb
 bounds [0x000001ba63ec0000, 0x000001ba64130000, 0x000001ba6b400000]
CodeHeap 'profiled nmethods': size=120000Kb used=3991Kb max_used=3991Kb free=116008Kb
 bounds [0x000001ba5c990000, 0x000001ba5cd80000, 0x000001ba63ec0000]
CodeHeap 'non-nmethods': size=5696Kb used=1165Kb max_used=1188Kb free=4531Kb
 bounds [0x000001ba5c400000, 0x000001ba5c670000, 0x000001ba5c990000]
 total_blobs=2104 nmethods=1674 adapters=343
 compilation: enabled
              stopped_count=0, restarted_count=0
 full_count=0

Compilation events (20 events):
Event: 2.392 Thread 0x000001ba6ec21800 nmethod 1678 0x000001ba5cd6f610 code [0x000001ba5cd6f7e0, 0x000001ba5cd6f9c8]
Event: 2.392 Thread 0x000001ba6ec21800 1679       2       com.esotericsoftware.kryo.io.Output::$jacocoInit (54 bytes)
Event: 2.393 Thread 0x000001ba6ec21800 nmethod 1679 0x000001ba5cd6fb10 code [0x000001ba5cd6fd00, 0x000001ba5cd70258]
Event: 2.394 Thread 0x000001ba6ec21800 1681       2       java.lang.Character::codePointBefore (48 bytes)
Event: 2.394 Thread 0x000001ba6ec21800 nmethod 1681 0x000001ba5cd70410 code [0x000001ba5cd705e0, 0x000001ba5cd707d8]
Event: 2.394 Thread 0x000001ba6ec21800 1682       2       java.lang.Character::isLowSurrogate (18 bytes)
Event: 2.395 Thread 0x000001ba6ec21800 nmethod 1682 0x000001ba5cd70890 code [0x000001ba5cd70a40, 0x000001ba5cd70b38]
Event: 2.395 Thread 0x000001ba6ec21800 1683       2       java.util.regex.Matcher::groupCount (10 bytes)
Event: 2.395 Thread 0x000001ba6ec21800 nmethod 1683 0x000001ba5cd70c10 code [0x000001ba5cd70dc0, 0x000001ba5cd70eb8]
Event: 2.395 Thread 0x000001ba6ec21800 1684       2       org.junit.runners.model.TestClass::$jacocoInit (53 bytes)
Event: 2.396 Thread 0x000001ba6ec21800 nmethod 1684 0x000001ba5cd70f90 code [0x000001ba5cd71180, 0x000001ba5cd71698]
Event: 2.397 Thread 0x000001ba6ec21800 1685       1       java.util.concurrent.locks.AbstractQueuedSynchronizer::setState (6 bytes)
Event: 2.397 Thread 0x000001ba6ec21800 nmethod 1685 0x000001ba63f6cc90 code [0x000001ba63f6ce40, 0x000001ba63f6cef8]
Event: 2.397 Thread 0x000001ba6ec21800 1686       2       org.junit.runners.BlockJUnit4ClassRunner::$jacocoInit (53 bytes)
Event: 2.399 Thread 0x000001ba6ec21800 nmethod 1686 0x000001ba5cd71890 code [0x000001ba5cd71a80, 0x000001ba5cd71f98]
Event: 2.399 Thread 0x000001ba6ec21800 1687       2       jdk.internal.reflect.MagicAccessorImpl::<init> (5 bytes)
Event: 2.399 Thread 0x000001ba6ec21800 nmethod 1687 0x000001ba5cd72190 code [0x000001ba5cd72340, 0x000001ba5cd72438]
Event: 2.400 Thread 0x000001ba6ec21800 1688       2       java.util.ArrayList::isEmpty (13 bytes)
Event: 2.400 Thread 0x000001ba6ec21800 nmethod 1688 0x000001ba5cd72510 code [0x000001ba5cd726c0, 0x000001ba5cd727d8]
Event: 2.401 Thread 0x000001ba6ec21800 1689       2       java.util.jar.JarFile::getEntry0 (24 bytes)

GC Heap History (2 events):
Event: 0.747 GC heap before
{Heap before GC invocations=0 (full 0):
 garbage-first heap   total 98304K, used 14336K [0x00000000e0000000, 0x0000000100000000)
  region size 1024K, 14 young (14336K), 0 survivors (0K)
 Metaspace       used 9163K, capacity 9432K, committed 9728K, reserved 1058816K
  class space    used 830K, capacity 928K, committed 1024K, reserved 1048576K
}
Event: 0.751 GC heap after
{Heap after GC invocations=1 (full 0):
 garbage-first heap   total 98304K, used 2342K [0x00000000e0000000, 0x0000000100000000)
  region size 1024K, 2 young (2048K), 2 survivors (2048K)
 Metaspace       used 9163K, capacity 9432K, committed 9728K, reserved 1058816K
  class space    used 830K, capacity 928K, committed 1024K, reserved 1048576K
}

Deoptimization events (20 events):
Event: 1.901 Thread 0x000001ba53c7c800 DEOPT PACKING pc=0x000001ba63f380ec sp=0x0000003b30cfa7d0
Event: 1.901 Thread 0x000001ba53c7c800 DEOPT UNPACKING pc=0x000001ba5c44a1af sp=0x0000003b30cfa738 mode 2
Event: 1.904 Thread 0x000001ba53c7c800 DEOPT PACKING pc=0x000001ba5caff70c sp=0x0000003b30cfa7a0
Event: 1.904 Thread 0x000001ba53c7c800 DEOPT UNPACKING pc=0x000001ba5c44a95e sp=0x0000003b30cf9c10 mode 0
Event: 1.927 Thread 0x000001ba53c7c800 DEOPT PACKING pc=0x000001ba5ca9bbda sp=0x0000003b30cfa760
Event: 1.927 Thread 0x000001ba53c7c800 DEOPT UNPACKING pc=0x000001ba5c44a95e sp=0x0000003b30cf9c10 mode 0
Event: 1.977 Thread 0x000001ba72be0800 DEOPT PACKING pc=0x000001ba5cb0a1eb sp=0x0000003b322f9fe0
Event: 1.977 Thread 0x000001ba72be0800 DEOPT UNPACKING pc=0x000001ba5c44a95e sp=0x0000003b322f9538 mode 0
Event: 2.093 Thread 0x000001ba53c7c800 Uncommon trap: trap_request=0xffffff4d fr.pc=0x000001ba63efa10c relative=0x0000000000000fec
Event: 2.093 Thread 0x000001ba53c7c800 Uncommon trap: reason=unstable_if action=reinterpret pc=0x000001ba63efa10c method=org.jacoco.agent.rt.internal_3570298.asm.ByteVector.putUTF8(Ljava/lang/String;)Lorg/jacoco/agent/rt/internal_3570298/asm/ByteVector; @ 36 c2
Event: 2.093 Thread 0x000001ba53c7c800 DEOPT PACKING pc=0x000001ba63efa10c sp=0x0000003b30cf9aa0
Event: 2.093 Thread 0x000001ba53c7c800 DEOPT UNPACKING pc=0x000001ba5c44a1af sp=0x0000003b30cf99d8 mode 2
Event: 2.271 Thread 0x000001ba53c7c800 Uncommon trap: trap_request=0xffffff4d fr.pc=0x000001ba63f55484 relative=0x0000000000000064
Event: 2.271 Thread 0x000001ba53c7c800 Uncommon trap: reason=unstable_if action=reinterpret pc=0x000001ba63f55484 method=org.jacoco.agent.rt.internal_3570298.asm.Label.addLineNumber(I)V @ 4 c2
Event: 2.271 Thread 0x000001ba53c7c800 DEOPT PACKING pc=0x000001ba63f55484 sp=0x0000003b30cf9e20
Event: 2.271 Thread 0x000001ba53c7c800 DEOPT UNPACKING pc=0x000001ba5c44a1af sp=0x0000003b30cf9da0 mode 2
Event: 2.271 Thread 0x000001ba53c7c800 Uncommon trap: trap_request=0xffffff4d fr.pc=0x000001ba63f5a640 relative=0x0000000000000be0
Event: 2.271 Thread 0x000001ba53c7c800 Uncommon trap: reason=unstable_if action=reinterpret pc=0x000001ba63f5a640 method=org.jacoco.agent.rt.internal_3570298.asm.Label.accept(Lorg/jacoco/agent/rt/internal_3570298/asm/MethodVisitor;Z)V @ 32 c2
Event: 2.271 Thread 0x000001ba53c7c800 DEOPT PACKING pc=0x000001ba63f5a640 sp=0x0000003b30cf9de0
Event: 2.271 Thread 0x000001ba53c7c800 DEOPT UNPACKING pc=0x000001ba5c44a1af sp=0x0000003b30cf9da0 mode 2

Classes redefined (0 events):
No events

Internal exceptions (11 events):
Event: 1.034 Thread 0x000001ba53c7c800 Exception <a 'java/lang/NoSuchMethodError'{0x00000000e5582b60}: 'java.lang.Object java.lang.invoke.DirectMethodHandle$Holder.invokeVirtual(java.lang.Object, java.lang.Object, java.lang.Object, java.lang.Object, java.lang.Object, java.lang.Object, java.lang.Object)'> (0x00000000e5582b60) thrown at [s\src\hotspot\share\interpreter\linkResolver.cpp, line 773]
Event: 1.038 Thread 0x000001ba53c7c800 Exception <a 'java/lang/NoSuchMethodError'{0x00000000e55aec28}: 'void java.lang.invoke.DirectMethodHandle$Holder.invokeSpecial(java.lang.Object, java.lang.Object, java.lang.Object, java.lang.Object)'> (0x00000000e55aec28) thrown at [s\src\hotspot\share\interpreter\linkResolver.cpp, line 773]
Event: 1.039 Thread 0x000001ba53c7c800 Exception <a 'java/lang/NoSuchMethodError'{0x00000000e55b4788}: 'java.lang.Object java.lang.invoke.Invokers$Holder.invoker(java.lang.Object, java.lang.Object, java.lang.Object)'> (0x00000000e55b4788) thrown at [s\src\hotspot\share\interpreter\linkResolver.cpp, line 773]
Event: 1.044 Thread 0x000001ba53c7c800 Exception <a 'java/lang/NoSuchMethodError'{0x00000000e55c93a0}: 'void java.lang.invoke.DelegatingMethodHandle$Holder.delegate(java.lang.Object, java.lang.Object, int, java.lang.Object)'> (0x00000000e55c93a0) thrown at [s\src\hotspot\share\interpreter\linkResolver.cpp, line 773]
Event: 1.130 Thread 0x000001ba53c7c800 Exception <a 'java/lang/NoSuchMethodError'{0x00000000e5269698}: 'java.lang.Object java.lang.invoke.DirectMethodHandle$Holder.invokeStaticInit(java.lang.Object, java.lang.Object, java.lang.Object, java.lang.Object)'> (0x00000000e5269698) thrown at [s\src\hotspot\share\interpreter\linkResolver.cpp, line 773]
Event: 1.133 Thread 0x000001ba53c7c800 Exception <a 'java/lang/NoSuchMethodError'{0x00000000e526f448}: 'java.lang.Object java.lang.invoke.Invokers$Holder.invoke_MT(java.lang.Object, java.lang.Object, java.lang.Object, java.lang.Object, java.lang.Object)'> (0x00000000e526f448) thrown at [s\src\hotspot\share\interpreter\linkResolver.cpp, line 773]
Event: 1.246 Thread 0x000001ba53c7c800 Exception <a 'java/lang/NoSuchMethodError'{0x00000000e4d14820}: <clinit>> (0x00000000e4d14820) thrown at [s\src\hotspot\share\prims\jni.cpp, line 1367]
Event: 1.249 Thread 0x000001ba53c7c800 Exception <a 'java/lang/NoSuchMethodError'{0x00000000e4d1f530}: <clinit>> (0x00000000e4d1f530) thrown at [s\src\hotspot\share\prims\jni.cpp, line 1367]
Event: 1.252 Thread 0x000001ba53c7c800 Exception <a 'java/lang/NoSuchMethodError'{0x00000000e4d2a1e8}: <clinit>> (0x00000000e4d2a1e8) thrown at [s\src\hotspot\share\prims\jni.cpp, line 1367]
Event: 1.513 Thread 0x000001ba53c7c800 Exception <a 'java/lang/NoSuchMethodError'{0x00000000e4394f80}: 'java.lang.Object java.lang.invoke.DirectMethodHandle$Holder.invokeStaticInit(java.lang.Object, int, int, int, int)'> (0x00000000e4394f80) thrown at [s\src\hotspot\share\interpreter\linkResolver.cpp, line 773]
Event: 1.884 Thread 0x000001ba53c7c800 Exception <a 'java/lang/NoSuchMethodError'{0x00000000e420fd00}: 'java.lang.Object java.lang.invoke.DirectMethodHandle$Holder.invokeStaticInit(java.lang.Object, java.lang.Object, int, int, int, int)'> (0x00000000e420fd00) thrown at [s\src\hotspot\share\interpreter\linkResolver.cpp, line 773]

Events (20 events):
Event: 2.380 loading class sun/nio/cs/StreamDecoder
Event: 2.380 loading class sun/nio/cs/StreamDecoder done
Event: 2.380 loading class sun/nio/cs/UTF_8$Decoder
Event: 2.381 loading class sun/nio/cs/UTF_8$Decoder done
Event: 2.381 loading class java/nio/CharBuffer
Event: 2.381 loading class java/nio/CharBuffer done
Event: 2.381 loading class java/nio/HeapCharBuffer
Event: 2.382 loading class java/nio/HeapCharBuffer done
Event: 2.382 loading class java/nio/charset/CoderResult
Event: 2.382 loading class java/nio/charset/CoderResult done
Event: 2.383 loading class kotlin/test/junit/JUnitContributor
Event: 2.383 loading class kotlin/test/junit/JUnitContributor done
Event: 2.385 loading class kotlin/test/junit/JUnitAsserter
Event: 2.385 loading class kotlin/test/junit/JUnitAsserter done
Event: 2.387 loading class kotlin/test/Asserter
Event: 2.387 loading class kotlin/test/Asserter done
Event: 2.389 loading class org/junit/runner/notification/RunNotifier$9
Event: 2.389 loading class org/junit/runner/notification/RunNotifier$9 done
Event: 2.401 loading class org/junit/runner/notification/RunNotifier$4
Event: 2.401 loading class org/junit/runner/notification/RunNotifier$4 done


Dynamic libraries:
0x00007ff68a5b0000 - 0x00007ff68a5bd000 	C:\Users\Gregory\.jdks\corretto-11.0.19\bin\java.exe
0x00007ff8305b0000 - 0x00007ff8307a8000 	C:\WINDOWS\SYSTEM32\ntdll.dll
0x00007ff8301d0000 - 0x00007ff83028f000 	C:\WINDOWS\System32\KERNEL32.DLL
0x00007ff82e060000 - 0x00007ff82e356000 	C:\WINDOWS\System32\KERNELBASE.dll
0x00007ff82e450000 - 0x00007ff82e550000 	C:\WINDOWS\System32\ucrtbase.dll
0x00007ff828ae0000 - 0x00007ff828af9000 	C:\Users\Gregory\.jdks\corretto-11.0.19\bin\VCRUNTIME140.dll
0x00007ff827d30000 - 0x00007ff827d47000 	C:\Users\Gregory\.jdks\corretto-11.0.19\bin\jli.dll
0x00007ff82ebc0000 - 0x00007ff82ed5d000 	C:\WINDOWS\System32\USER32.dll
0x00007ff823e90000 - 0x00007ff82412a000 	C:\WINDOWS\WinSxS\amd64_microsoft.windows.common-controls_6595b64144ccf1df_6.0.19041.1110_none_60b5254171f9507e\COMCTL32.dll
0x00007ff82ded0000 - 0x00007ff82def2000 	C:\WINDOWS\System32\win32u.dll
0x00007ff82e920000 - 0x00007ff82e9be000 	C:\WINDOWS\System32\msvcrt.dll
0x00007ff830540000 - 0x00007ff83056c000 	C:\WINDOWS\System32\GDI32.dll
0x00007ff82ddb0000 - 0x00007ff82dec5000 	C:\WINDOWS\System32\gdi32full.dll
0x00007ff82e3b0000 - 0x00007ff82e44d000 	C:\WINDOWS\System32\msvcp_win.dll
0x00007ff82e8f0000 - 0x00007ff82e920000 	C:\WINDOWS\System32\IMM32.DLL
0x00007ff810f90000 - 0x00007ff81102b000 	C:\Users\Gregory\.jdks\corretto-11.0.19\bin\msvcp140.dll
0x00007fffdc340000 - 0x00007fffdceca000 	C:\Users\Gregory\.jdks\corretto-11.0.19\bin\server\jvm.dll
0x00007ff82e690000 - 0x00007ff82e73f000 	C:\WINDOWS\System32\ADVAPI32.dll
0x00007ff8302f0000 - 0x00007ff83038c000 	C:\WINDOWS\System32\sechost.dll
0x00007ff82e9c0000 - 0x00007ff82eae6000 	C:\WINDOWS\System32\RPCRT4.dll
0x00007ff82f0c0000 - 0x00007ff82f0c8000 	C:\WINDOWS\System32\PSAPI.DLL
0x00007ff81c4a0000 - 0x00007ff81c4a9000 	C:\WINDOWS\SYSTEM32\WSOCK32.dll
0x00007ff81deb0000 - 0x00007ff81ded7000 	C:\WINDOWS\SYSTEM32\WINMM.dll
0x00007ff823be0000 - 0x00007ff823bea000 	C:\WINDOWS\SYSTEM32\VERSION.dll
0x00007ff82f920000 - 0x00007ff82f98b000 	C:\WINDOWS\System32\WS2_32.dll
0x00007ff82bb10000 - 0x00007ff82bb22000 	C:\WINDOWS\SYSTEM32\kernel.appcore.dll
0x00007ff8269f0000 - 0x00007ff826a00000 	C:\Users\Gregory\.jdks\corretto-11.0.19\bin\verify.dll
0x00007ff824bf0000 - 0x00007ff824dd4000 	C:\WINDOWS\SYSTEM32\DBGHELP.DLL
0x00007ff824bb0000 - 0x00007ff824be4000 	C:\WINDOWS\SYSTEM32\dbgcore.DLL
0x00007ff82e550000 - 0x00007ff82e5d2000 	C:\WINDOWS\System32\bcryptPrimitives.dll
0x00007ff8148f0000 - 0x00007ff814918000 	C:\Users\Gregory\.jdks\corretto-11.0.19\bin\java.dll
0x00007ff822610000 - 0x00007ff82261a000 	C:\Users\Gregory\.jdks\corretto-11.0.19\bin\jimage.dll
0x00007ff812db0000 - 0x00007ff812dbe000 	C:\Users\Gregory\.jdks\corretto-11.0.19\bin\instrument.dll
0x00007ff812c10000 - 0x00007ff812c28000 	C:\Users\Gregory\.jdks\corretto-11.0.19\bin\zip.dll
0x00007ff82f990000 - 0x00007ff8300d4000 	C:\WINDOWS\System32\SHELL32.dll
0x00007ff82bd10000 - 0x00007ff82c4a3000 	C:\WINDOWS\SYSTEM32\windows.storage.dll
0x00007ff82f150000 - 0x00007ff82f4a4000 	C:\WINDOWS\System32\combase.dll
0x00007ff82d610000 - 0x00007ff82d63e000 	C:\WINDOWS\SYSTEM32\Wldp.dll
0x00007ff82ee10000 - 0x00007ff82eebd000 	C:\WINDOWS\System32\SHCORE.dll
0x00007ff82ef30000 - 0x00007ff82ef85000 	C:\WINDOWS\System32\shlwapi.dll
0x00007ff82dbd0000 - 0x00007ff82dbef000 	C:\WINDOWS\SYSTEM32\profapi.dll
0x00007ff812bf0000 - 0x00007ff812c09000 	C:\Users\Gregory\.jdks\corretto-11.0.19\bin\net.dll
0x00007ff826030000 - 0x00007ff82613a000 	C:\WINDOWS\SYSTEM32\WINHTTP.dll
0x00007ff82d380000 - 0x00007ff82d3ea000 	C:\WINDOWS\system32\mswsock.dll
0x00007ff8120a0000 - 0x00007ff8120b3000 	C:\Users\Gregory\.jdks\corretto-11.0.19\bin\nio.dll
0x00007ff8253d0000 - 0x00007ff8253e7000 	C:\WINDOWS\system32\napinsp.dll
0x00007ff824570000 - 0x00007ff82458b000 	C:\WINDOWS\system32\pnrpnsp.dll
0x00007ff828a20000 - 0x00007ff828a35000 	C:\WINDOWS\system32\wshbth.dll
0x00007ff827f10000 - 0x00007ff827f2d000 	C:\WINDOWS\system32\NLAapi.dll
0x00007ff82d090000 - 0x00007ff82d0cc000 	C:\WINDOWS\SYSTEM32\IPHLPAPI.DLL
0x00007ff82d0d0000 - 0x00007ff82d19b000 	C:\WINDOWS\SYSTEM32\DNSAPI.dll
0x00007ff8300e0000 - 0x00007ff8300e8000 	C:\WINDOWS\System32\NSI.dll
0x00007ff824340000 - 0x00007ff824352000 	C:\WINDOWS\System32\winrnr.dll
0x00007ff823430000 - 0x00007ff82343a000 	C:\Windows\System32\rasadhlp.dll
0x00007ff825c60000 - 0x00007ff825ce2000 	C:\WINDOWS\System32\fwpuclnt.dll
0x00007ff82e5e0000 - 0x00007ff82e607000 	C:\WINDOWS\System32\bcrypt.dll
0x00007ff82d980000 - 0x00007ff82d998000 	C:\WINDOWS\SYSTEM32\CRYPTSP.dll
0x00007ff82cc50000 - 0x00007ff82cc84000 	C:\WINDOWS\system32\rsaenh.dll
0x00007ff82db90000 - 0x00007ff82dbbe000 	C:\WINDOWS\SYSTEM32\USERENV.dll
0x00007ff82d510000 - 0x00007ff82d51c000 	C:\WINDOWS\SYSTEM32\CRYPTBASE.dll
0x00007ff8275c0000 - 0x00007ff8275d7000 	C:\WINDOWS\SYSTEM32\dhcpcsvc6.DLL
0x00007ff8274f0000 - 0x00007ff82750d000 	C:\WINDOWS\SYSTEM32\dhcpcsvc.DLL

dbghelp: loaded successfully - version: 4.0.5 - missing functions: none
symbol engine: initialized successfully - sym options: 0x614 - pdb path: .;C:\Users\Gregory\.jdks\corretto-11.0.19\bin;C:\WINDOWS\SYSTEM32;C:\WINDOWS\WinSxS\amd64_microsoft.windows.common-controls_6595b64144ccf1df_6.0.19041.1110_none_60b5254171f9507e;C:\Users\Gregory\.jdks\corretto-11.0.19\bin\server

VM Arguments:
jvm_args: -Dorg.gradle.internal.worker.tmpdir=C:\Users\Gregory\IdeaProjects\KotlinHW4AutoTets\build\tmp\test\work -Dorg.gradle.native=false -javaagent:build/tmp/expandedArchives/org.jacoco.agent-0.8.7.jar_3a83c50b4a016f281c4e9f3500d16b55/jacocoagent.jar=destfile=build/jacoco/test.exec,append=true,inclnolocationclasses=false,dumponexit=true,output=file,jmx=false --add-opens=java.base/java.util=ALL-UNNAMED --add-opens=java.base/java.lang=ALL-UNNAMED -Xmx512m -Dfile.encoding=windows-1251 -Duser.country=RU -Duser.language=ru -Duser.variant -ea 
java_command: worker.org.gradle.process.internal.worker.GradleWorkerMain 'Gradle Test Executor 17'
java_class_path (initial): C:\\Users\\Gregory\\.gradle\\caches\\7.4.2\\workerMain\\gradle-worker.jar;C:\\Users\\Gregory\\IdeaProjects\\KotlinHW4AutoTets\\build\\classes\\kotlin\\test;C:\\Users\\Gregory\\IdeaProjects\\KotlinHW4AutoTets\\build\\classes\\kotlin\\main;C:\\Users\\Gregory\\.gradle\\caches\\modules-2\\files-2.1\\org.jetbrains.kotlin\\kotlin-stdlib-jdk8\\1.7.10\\d70d7d2c56371f7aa18f32e984e3e2e998fe9081\\kotlin-stdlib-jdk8-1.7.10.jar;C:\\Users\\Gregory\\.gradle\\caches\\modules-2\\files-2.1\\org.jetbrains.kotlin\\kotlin-test-junit\\1.7.10\\27228b08adb999a47ae98ac03e98e1f3132f83ca\\kotlin-test-junit-1.7.10.jar;C:\\Users\\Gregory\\.gradle\\caches\\modules-2\\files-2.1\\org.jetbrains.kotlin\\kotlin-test\\1.7.10\\4d644a88cc0a386712d4b1c1b4ca748203421e07\\kotlin-test-1.7.10.jar;C:\\Users\\Gregory\\.gradle\\caches\\modules-2\\files-2.1\\org.jetbrains.kotlin\\kotlin-stdlib-jdk7\\1.7.10\\1ef73fee66f45d52c67e2aca12fd945dbe0659bf\\kotlin-stdlib-jdk7-1.7.10.jar;C:\\Users\\Gregory\\.gradle\\caches\\modules-2\\files-2.1\\org.jetbrains.kotlin\\kotlin-stdlib\\1.7.10\\d2abf9e77736acc4450dc4a3f707fa2c10f5099d\\kotlin-stdlib-1.7.10.jar;C:\\Users\\Gregory\\.gradle\\caches\\modules-2\\files-2.1\\org.jetbrains.kotlin\\kotlin-stdlib-common\\1.7.10\\bac80c520d0a9e3f3673bc2658c6ed02ef45a76a\\kotlin-stdlib-common-1.7.10.jar;C:\\Users\\Gregory\\.gradle\\caches\\modules-2\\files-2.1\\org.jetbrains\\annotations\\13.0\\919f0dfe192fb4e063e7dacadee7f8bb9a2672a9\\annotations-13.0.jar;C:\\Users\\Gregory\\.gradle\\caches\\modules-2\\files-2.1\\junit\\junit\\4.13.2\\8ac9e16d933b6fb43bc7f576336b8f4d7eb5ba12\\junit-4.13.2.jar;C:\\Users\\Gregory\\.gradle\\caches\\modules-2\\files-2.1\\org.hamcrest\\hamcrest-core\\1.3\\42a25dc3219429f0e5d060061f71acb49bf010a0\\hamcrest-core-1.3.jar
Launcher Type: SUN_STANDARD

[Global flags]
     intx CICompilerCount                          = 3                                         {product} {ergonomic}
     uint ConcGCThreads                            = 1                                         {product} {ergonomic}
     uint G1ConcRefinementThreads                  = 4                                         {product} {ergonomic}
   size_t G1HeapRegionSize                         = 1048576                                   {product} {ergonomic}
    uintx GCDrainStackTargetSize                   = 64                                        {product} {ergonomic}
   size_t InitialHeapSize                          = 100663296                                 {product} {ergonomic}
   size_t MarkStackSize                            = 4194304                                   {product} {ergonomic}
   size_t MaxHeapSize                              = 536870912                                 {product} {command line}
   size_t MaxNewSize                               = 321912832                                 {product} {ergonomic}
   size_t MinHeapDeltaBytes                        = 1048576                                   {product} {ergonomic}
    uintx NonNMethodCodeHeapSize                   = 5830732                                {pd product} {ergonomic}
    uintx NonProfiledCodeHeapSize                  = 122913754                              {pd product} {ergonomic}
    uintx ProfiledCodeHeapSize                     = 122913754                              {pd product} {ergonomic}
    uintx ReservedCodeCacheSize                    = 251658240                              {pd product} {ergonomic}
     bool SegmentedCodeCache                       = true                                      {product} {ergonomic}
     bool UseCompressedClassPointers               = true                                 {lp64_product} {ergonomic}
     bool UseCompressedOops                        = true                                 {lp64_product} {ergonomic}
     bool UseG1GC                                  = true                                      {product} {ergonomic}
     bool UseLargePagesIndividualAllocation        = false                                  {pd product} {ergonomic}

Logging:
Log output configuration:
 #0: stdout all=warning uptime,level,tags
 #1: stderr all=off uptime,level,tags

Environment Variables:
JAVA_HOME=C:\Java\jdk18
PATH=C:\Program Files\Common Files\Oracle\Java\javapath;C:\Program Files (x86)\NVIDIA Corporation\PhysX\Common;C:\Program Files\Common Files\Microsoft Shared\Windows Live;C:\Program Files (x86)\Common Files\Microsoft Shared\Windows Live;C:\Program Files (x86)\AMD APP\bin\x86_64;C:\Program Files (x86)\AMD APP\bin\x86;C:\Program Files (x86)\Intel\iCLS Client\;C:\Program Files\Intel\iCLS Client\;C:\WINDOWS\system32;C:\WINDOWS;C:\WINDOWS\System32\Wbem;C:\WINDOWS\System32\WindowsPowerShell\v1.0\;C:\Program Files\Intel\Intel(R) Management Engine Components\DAL;C:\Program Files\Intel\Intel(R) Management Engine Components\IPT;C:\Program Files (x86)\Intel\Intel(R) Management Engine Components\DAL;C:\Program Files (x86)\Intel\Intel(R) Management Engine Components\IPT;C:\Program Files (x86)\ATI Technologies\ATI.ACE\Core-Static;C:\Program Files (x86)\Windows Live\Shared;C:\Program Files (x86)\Skype\Phone\;C:\WINDOWS\System32\OpenSSH\;C:\Java\jdk18\bin;C:\Program Files\Git\cmd;C:\Gradle\gradle-8.1.1\bin;C:\Users\Gregory\AppData\Local\Microsoft\WindowsApps;;C:\Users\Gregory\AppData\Local\Programs\Microsoft VS Code\bin
USERNAME=Gregory
OS=Windows_NT
PROCESSOR_IDENTIFIER=Intel64 Family 6 Model 58 Stepping 9, GenuineIntel
TMP=C:\Users\Gregory\AppData\Local\Temp
TEMP=C:\Users\Gregory\AppData\Local\Temp



---------------  S Y S T E M  ---------------

OS: Windows 10 , 64 bit Build 19041 (10.0.19041.2913)
OS uptime: 24 days 20:31 hours
Hyper-V role detected

CPU:total 4 (initial active 4) (2 cores per cpu, 2 threads per core) family 6 model 58 stepping 9 microcode 0x21, cmov, cx8, fxsr, mmx, sse, sse2, sse3, ssse3, sse4.1, sse4.2, popcnt, avx, aes, clmul, erms, ht, tsc, tscinvbit, tscinv

Memory: 4k page, system-wide physical 6103M (461M free)
TotalPageFile size 8151M (AvailPageFile size 3M)
current process WorkingSet (physical memory assigned to process): 141M, peak: 141M
current process commit charge ("private bytes"): 216M, peak: 216M

vm_info: OpenJDK 64-Bit Server VM (11.0.19+7-LTS) for windows-amd64 JRE (11.0.19+7-LTS), built on Apr 13 2023 22:56:25 by "Administrator" with MS VC++ 15.9 (VS2017)

END.
